{
  "RSpec": {
    "coverage": {
      "/home/chandler/tic-tac-toe-rb-online-web-sp-000/lib/tic_tac_toe.rb": [
        null,
        null,
        null,
        1,
        null,
        null,
        null,
        null,
        null,
        null,
        null,
        null,
        null,
        null,
        1,
        25,
        25,
        25,
        25,
        25,
        null,
        null,
        null,
        1,
        24,
        null,
        null,
        null,
        1,
        23,
        null,
        null,
        null,
        1,
        26,
        null,
        null,
        null,
        1,
        24,
        null,
        null,
        null,
        1,
        27,
        27,
        243,
        50,
        null,
        null,
        27,
        null,
        null,
        null,
        1,
        26,
        null,
        null,
        null,
        1,
        21,
        21,
        21,
        21,
        20,
        20,
        null,
        1,
        null,
        null,
        null,
        null,
        1,
        39,
        268,
        268,
        268,
        268,
        9,
        259,
        2,
        null,
        null,
        null,
        null,
        null,
        null,
        1,
        25,
        129,
        null,
        null,
        null,
        null,
        1,
        24,
        null,
        null,
        null,
        1,
        22,
        null,
        null,
        null,
        1,
        3,
        20,
        20,
        20,
        1,
        19,
        1,
        null,
        null,
        null,
        null,
        null,
        null,
        1,
        12,
        18,
        null,
        12,
        5,
        7,
        3,
        null,
        null
      ]
    },
    "timestamp": 1606150234
  }
}
